

Version:	3.12
CmdLine:	D:\Docs\1.Ilkomp UGM\Organisasi dan Kepanitiaan\Crayon 2019\type-racer\out\artefacts\type_racer\type_racer.exe --l4j-debug
WOW64:		yes
Working dir:	D:\Docs\1.Ilkomp UGM\Organisasi dan Kepanitiaan\Crayon 2019\type-racer\out\artefacts\type_racer\.
Java min ver:	1.008.000
Java max ver:	
64-bit search:	SOFTWARE\JavaSoft\Java Runtime Environment...
32-bit search:	SOFTWARE\JavaSoft\Java Runtime Environment...
64-bit search:	SOFTWARE\JavaSoft\Java Development Kit...
Check:		SOFTWARE\JavaSoft\Java Development Kit\1.8
Check launcher:	C:\Program Files\Java\jdk1.8.0_181\bin\javaw.exe (OK)
Match:		1.008.000
Check:		SOFTWARE\JavaSoft\Java Development Kit\1.8.0_181
Check launcher:	C:\Program Files\Java\jdk1.8.0_181\bin\javaw.exe (OK)
Match:		1.008.000_181
64-bit search:	SOFTWARE\JavaSoft\JRE...
64-bit search:	SOFTWARE\JavaSoft\JDK...
Check:		SOFTWARE\JavaSoft\JDK\11.0.2
Check launcher:	C:\Program Files\Java\jdk-11.0.2\bin\javaw.exe (OK)
Match:		1.011.000_002
Runtime used:	1.011.000_002 (64-bit)
Launcher:	C:\Program Files\Java\jdk-11.0.2\bin\javaw.exe
Launcher args:	-jar "D:\Docs\1.Ilkomp UGM\Organisasi dan Kepanitiaan\Crayon 2019\type-racer\out\artefacts\type_racer\type_racer.exe"
Args length:	117/32768 chars
Exit code:	0


Version:	3.12
CmdLine:	D:\Docs\1.Ilkomp UGM\Organisasi dan Kepanitiaan\Crayon 2019\type-racer\out\artefacts\type_racer\type_racer.exe --l4j-debug
WOW64:		yes
Working dir:	D:\Docs\1.Ilkomp UGM\Organisasi dan Kepanitiaan\Crayon 2019\type-racer\out\artefacts\type_racer\.
Java min ver:	1.008.000
Java max ver:	
64-bit search:	SOFTWARE\JavaSoft\Java Runtime Environment...
32-bit search:	SOFTWARE\JavaSoft\Java Runtime Environment...
64-bit search:	SOFTWARE\JavaSoft\Java Development Kit...
Check:		SOFTWARE\JavaSoft\Java Development Kit\1.8
Check launcher:	C:\Program Files\Java\jdk1.8.0_181\bin\javaw.exe (OK)
Match:		1.008.000
Check:		SOFTWARE\JavaSoft\Java Development Kit\1.8.0_181
Check launcher:	C:\Program Files\Java\jdk1.8.0_181\bin\javaw.exe (OK)
Match:		1.008.000_181
64-bit search:	SOFTWARE\JavaSoft\JRE...
64-bit search:	SOFTWARE\JavaSoft\JDK...
Check:		SOFTWARE\JavaSoft\JDK\11.0.2
Check launcher:	C:\Program Files\Java\jdk-11.0.2\bin\javaw.exe (OK)
Match:		1.011.000_002
Runtime used:	1.011.000_002 (64-bit)
Launcher:	C:\Program Files\Java\jdk-11.0.2\bin\javaw.exe
Launcher args:	-jar "D:\Docs\1.Ilkomp UGM\Organisasi dan Kepanitiaan\Crayon 2019\type-racer\out\artefacts\type_racer\type_racer.exe"
Args length:	117/32768 chars
Exit code:	0


Version:	3.12
CmdLine:	D:\Docs\1.Ilkomp UGM\Organisasi dan Kepanitiaan\Crayon 2019\type-racer\out\artefacts\type_racer\type_racer.exe --l4j-debug
WOW64:		yes
Working dir:	D:\Docs\1.Ilkomp UGM\Organisasi dan Kepanitiaan\Crayon 2019\type-racer\out\artefacts\type_racer\.
Java min ver:	1.008.000
Java max ver:	
64-bit search:	SOFTWARE\JavaSoft\Java Runtime Environment...
32-bit search:	SOFTWARE\JavaSoft\Java Runtime Environment...
64-bit search:	SOFTWARE\JavaSoft\Java Development Kit...
Check:		SOFTWARE\JavaSoft\Java Development Kit\1.8
Check launcher:	C:\Program Files\Java\jdk1.8.0_181\bin\javaw.exe (OK)
Match:		1.008.000
Check:		SOFTWARE\JavaSoft\Java Development Kit\1.8.0_181
Check launcher:	C:\Program Files\Java\jdk1.8.0_181\bin\javaw.exe (OK)
Match:		1.008.000_181
64-bit search:	SOFTWARE\JavaSoft\JRE...
64-bit search:	SOFTWARE\JavaSoft\JDK...
Check:		SOFTWARE\JavaSoft\JDK\11.0.2
Check launcher:	C:\Program Files\Java\jdk-11.0.2\bin\javaw.exe (OK)
Match:		1.011.000_002
Runtime used:	1.011.000_002 (64-bit)
Launcher:	C:\Program Files\Java\jdk-11.0.2\bin\javaw.exe
Launcher args:	-jar "D:\Docs\1.Ilkomp UGM\Organisasi dan Kepanitiaan\Crayon 2019\type-racer\out\artefacts\type_racer\type_racer.exe"
Args length:	117/32768 chars
Exit code:	0


Version:	3.12
CmdLine:	D:\Docs\1.Ilkomp UGM\Organisasi dan Kepanitiaan\Crayon 2019\type-racer\out\artefacts\type_racer\type_racer.exe --l4j-debug
WOW64:		yes
Working dir:	D:\Docs\1.Ilkomp UGM\Organisasi dan Kepanitiaan\Crayon 2019\type-racer\out\artefacts\type_racer\.
Java min ver:	1.008.000
Java max ver:	
64-bit search:	SOFTWARE\JavaSoft\Java Runtime Environment...
32-bit search:	SOFTWARE\JavaSoft\Java Runtime Environment...
64-bit search:	SOFTWARE\JavaSoft\Java Development Kit...
Check:		SOFTWARE\JavaSoft\Java Development Kit\1.8
Check launcher:	C:\Program Files\Java\jdk1.8.0_181\bin\javaw.exe (OK)
Match:		1.008.000
Check:		SOFTWARE\JavaSoft\Java Development Kit\1.8.0_181
Check launcher:	C:\Program Files\Java\jdk1.8.0_181\bin\javaw.exe (OK)
Match:		1.008.000_181
64-bit search:	SOFTWARE\JavaSoft\JRE...
64-bit search:	SOFTWARE\JavaSoft\JDK...
Check:		SOFTWARE\JavaSoft\JDK\11.0.2
Check launcher:	C:\Program Files\Java\jdk-11.0.2\bin\javaw.exe (OK)
Match:		1.011.000_002
Runtime used:	1.011.000_002 (64-bit)
Launcher:	C:\Program Files\Java\jdk-11.0.2\bin\javaw.exe
Launcher args:	-jar "D:\Docs\1.Ilkomp UGM\Organisasi dan Kepanitiaan\Crayon 2019\type-racer\out\artefacts\type_racer\type_racer.exe"
Args length:	117/32768 chars
Exit code:	0


Version:	3.12
CmdLine:	D:\Docs\1.Ilkomp UGM\Organisasi dan Kepanitiaan\Crayon 2019\type-racer\out\artefacts\type_racer\type_racer.exe --l4j-debug
WOW64:		yes
Working dir:	D:\Docs\1.Ilkomp UGM\Organisasi dan Kepanitiaan\Crayon 2019\type-racer\out\artefacts\type_racer\.
Java min ver:	1.008.000
Java max ver:	
64-bit search:	SOFTWARE\JavaSoft\Java Runtime Environment...
32-bit search:	SOFTWARE\JavaSoft\Java Runtime Environment...
64-bit search:	SOFTWARE\JavaSoft\Java Development Kit...
Check:		SOFTWARE\JavaSoft\Java Development Kit\1.8
Check launcher:	C:\Program Files\Java\jdk1.8.0_181\bin\javaw.exe (OK)
Match:		1.008.000
Check:		SOFTWARE\JavaSoft\Java Development Kit\1.8.0_181
Check launcher:	C:\Program Files\Java\jdk1.8.0_181\bin\javaw.exe (OK)
Match:		1.008.000_181
64-bit search:	SOFTWARE\JavaSoft\JRE...
64-bit search:	SOFTWARE\JavaSoft\JDK...
Check:		SOFTWARE\JavaSoft\JDK\11.0.2
Check launcher:	C:\Program Files\Java\jdk-11.0.2\bin\javaw.exe (OK)
Match:		1.011.000_002
Runtime used:	1.011.000_002 (64-bit)
Launcher:	C:\Program Files\Java\jdk-11.0.2\bin\javaw.exe
Launcher args:	-jar "D:\Docs\1.Ilkomp UGM\Organisasi dan Kepanitiaan\Crayon 2019\type-racer\out\artefacts\type_racer\type_racer.exe"
Args length:	117/32768 chars
Exit code:	0
